TN:
SF:src\Calculator\Calculator.jsx
FN:4,(anonymous_0)
FN:10,(anonymous_1)
FN:20,(anonymous_2)
FN:32,(anonymous_3)
FN:42,(anonymous_4)
FN:49,(anonymous_5)
FN:58,(anonymous_6)
FN:87,(anonymous_7)
FN:88,(anonymous_8)
FN:89,(anonymous_9)
FN:96,(anonymous_10)
FN:97,(anonymous_11)
FN:98,(anonymous_12)
FN:99,(anonymous_13)
FN:100,(anonymous_14)
FN:101,(anonymous_15)
FN:102,(anonymous_16)
FN:103,(anonymous_17)
FN:104,(anonymous_18)
FN:105,(anonymous_19)
FN:106,(anonymous_20)
FN:108,(anonymous_21)
FNF:22
FNH:20
FNDA:60,(anonymous_0)
FNDA:35,(anonymous_1)
FNDA:8,(anonymous_2)
FNDA:8,(anonymous_3)
FNDA:0,(anonymous_4)
FNDA:1,(anonymous_5)
FNDA:8,(anonymous_6)
FNDA:2,(anonymous_7)
FNDA:1,(anonymous_8)
FNDA:0,(anonymous_9)
FNDA:1,(anonymous_10)
FNDA:3,(anonymous_11)
FNDA:11,(anonymous_12)
FNDA:2,(anonymous_13)
FNDA:4,(anonymous_14)
FNDA:4,(anonymous_15)
FNDA:1,(anonymous_16)
FNDA:3,(anonymous_17)
FNDA:2,(anonymous_18)
FNDA:4,(anonymous_19)
FNDA:3,(anonymous_20)
FNDA:2,(anonymous_21)
DA:4,1
DA:5,60
DA:6,60
DA:7,60
DA:8,60
DA:10,60
DA:11,35
DA:12,34
DA:13,8
DA:14,8
DA:16,26
DA:20,60
DA:21,8
DA:22,0
DA:23,0
DA:24,0
DA:26,8
DA:28,8
DA:29,8
DA:32,60
DA:33,8
DA:34,8
DA:35,8
DA:36,8
DA:37,8
DA:38,8
DA:42,60
DA:43,0
DA:44,0
DA:45,0
DA:46,0
DA:49,60
DA:50,1
DA:51,0
DA:52,0
DA:53,1
DA:54,1
DA:58,60
DA:59,8
DA:60,8
DA:62,8
DA:63,8
DA:64,3
DA:65,5
DA:66,2
DA:67,3
DA:68,1
DA:69,2
DA:70,2
DA:71,1
DA:74,7
DA:75,6
DA:77,5
DA:80,60
DA:87,2
DA:88,1
DA:89,0
DA:96,1
DA:97,3
DA:98,11
DA:99,2
DA:100,4
DA:101,4
DA:102,1
DA:103,3
DA:104,2
DA:105,4
DA:106,3
DA:108,2
LF:69
LH:59
BRDA:11,0,0,1
BRDA:11,0,1,34
BRDA:11,1,0,35
BRDA:11,1,1,2
BRDA:12,2,0,8
BRDA:12,2,1,26
BRDA:16,3,0,9
BRDA:16,3,1,17
BRDA:21,4,0,0
BRDA:21,4,1,8
BRDA:21,5,0,8
BRDA:21,5,1,0
BRDA:33,6,0,8
BRDA:33,6,1,0
BRDA:50,7,0,0
BRDA:50,7,1,1
BRDA:53,8,0,1
BRDA:53,8,1,0
BRDA:63,9,0,3
BRDA:63,9,1,5
BRDA:65,10,0,2
BRDA:65,10,1,3
BRDA:67,11,0,1
BRDA:67,11,1,2
BRDA:69,12,0,2
BRDA:69,12,1,0
BRDA:70,13,0,1
BRDA:70,13,1,1
BRDA:74,14,0,1
BRDA:74,14,1,6
BRDA:75,15,0,1
BRDA:75,15,1,5
BRF:32
BRH:26
end_of_record
